<?xml version="1.0" encoding="UTF-8"?>
<!-- Generated by org.testng.reporters.JUnitReportReporter -->
<testsuite hostname="DESKTOP-2S5B2IC" failures="0" tests="21" name="testcases.PE" time="32.233" errors="1" timestamp="2023-05-25T14:19:14 IST" skipped="19">
  <testcase classname="testcases.PE" name="fakeMail" time="4.806"/>
  <system-out>
    <![CDATA[Method name is = fakeMail
Status of execution is = 1]]>
  </system-out>
  <testcase classname="testcases.PE" name="maryKay" time="27.427">
    <error message="no such element: Unable to locate element: {&quot;method&quot;:&quot;xpath&quot;,&quot;selector&quot;:&quot;//button[text()=&#039;Comienza tu Negocio &#039;]&quot;}
  (Session info: chrome=113.0.5672.93)
For documentation on this error, please visit: https://selenium.dev/exceptions/#no_such_element
Build info: version: &#039;4.8.3&#039;, revision: &#039;e5e76298c3&#039;
System info: os.name: &#039;Windows 10&#039;, os.arch: &#039;amd64&#039;, os.version: &#039;10.0&#039;, java.version: &#039;20&#039;
Driver info: org.openqa.selenium.chrome.ChromeDriver
Command: [bc649851e178c688f6bd62bbdcdbf884, findElement {using=xpath, value=//button[text()=&#039;Comienza tu Negocio &#039;]}]
Capabilities {acceptInsecureCerts: false, browserName: chrome, browserVersion: 113.0.5672.93, chrome: {chromedriverVersion: 113.0.5672.63 (0e1a4471d5ae..., userDataDir: C:\Users\CLOUDA~1\AppData\L...}, goog:chromeOptions: {debuggerAddress: localhost:58985}, networkConnectionEnabled: false, pageLoadStrategy: normal, platformName: WINDOWS, proxy: Proxy(), se:cdp: ws://localhost:58985/devtoo..., se:cdpVersion: 113.0.5672.93, setWindowRect: true, strictFileInteractability: false, timeouts: {implicit: 0, pageLoad: 300000, script: 30000}, unhandledPromptBehavior: dismiss and notify, webauthn:extension:credBlob: true, webauthn:extension:largeBlob: true, webauthn:extension:minPinLength: true, webauthn:extension:prf: true, webauthn:virtualAuthenticators: true}
Session ID: bc649851e178c688f6bd62bbdcdbf884" type="org.openqa.selenium.NoSuchElementException">
      <![CDATA[org.openqa.selenium.NoSuchElementException: no such element: Unable to locate element: {"method":"xpath","selector":"//button[text()='Comienza tu Negocio ']"}
  (Session info: chrome=113.0.5672.93)
For documentation on this error, please visit: https://selenium.dev/exceptions/#no_such_element
Build info: version: '4.8.3', revision: 'e5e76298c3'
System info: os.name: 'Windows 10', os.arch: 'amd64', os.version: '10.0', java.version: '20'
Driver info: org.openqa.selenium.chrome.ChromeDriver
Command: [bc649851e178c688f6bd62bbdcdbf884, findElement {using=xpath, value=//button[text()='Comienza tu Negocio ']}]
Capabilities {acceptInsecureCerts: false, browserName: chrome, browserVersion: 113.0.5672.93, chrome: {chromedriverVersion: 113.0.5672.63 (0e1a4471d5ae..., userDataDir: C:\Users\CLOUDA~1\AppData\L...}, goog:chromeOptions: {debuggerAddress: localhost:58985}, networkConnectionEnabled: false, pageLoadStrategy: normal, platformName: WINDOWS, proxy: Proxy(), se:cdp: ws://localhost:58985/devtoo..., se:cdpVersion: 113.0.5672.93, setWindowRect: true, strictFileInteractability: false, timeouts: {implicit: 0, pageLoad: 300000, script: 30000}, unhandledPromptBehavior: dismiss and notify, webauthn:extension:credBlob: true, webauthn:extension:largeBlob: true, webauthn:extension:minPinLength: true, webauthn:extension:prf: true, webauthn:virtualAuthenticators: true}
Session ID: bc649851e178c688f6bd62bbdcdbf884
at java.base/jdk.internal.reflect.DirectConstructorHandleAccessor.newInstance(DirectConstructorHandleAccessor.java:67)
at java.base/java.lang.reflect.Constructor.newInstanceWithCaller(Constructor.java:500)
at java.base/java.lang.reflect.Constructor.newInstance(Constructor.java:484)
at org.openqa.selenium.remote.codec.w3c.W3CHttpResponseCodec.createException(W3CHttpResponseCodec.java:200)
at org.openqa.selenium.remote.codec.w3c.W3CHttpResponseCodec.decode(W3CHttpResponseCodec.java:133)
at org.openqa.selenium.remote.codec.w3c.W3CHttpResponseCodec.decode(W3CHttpResponseCodec.java:53)
at org.openqa.selenium.remote.HttpCommandExecutor.execute(HttpCommandExecutor.java:193)
at org.openqa.selenium.remote.service.DriverCommandExecutor.invokeExecute(DriverCommandExecutor.java:183)
at org.openqa.selenium.remote.service.DriverCommandExecutor.execute(DriverCommandExecutor.java:158)
at org.openqa.selenium.remote.RemoteWebDriver.execute(RemoteWebDriver.java:543)
at org.openqa.selenium.remote.ElementLocation$ElementFinder$2.findElement(ElementLocation.java:162)
at org.openqa.selenium.remote.ElementLocation.findElement(ElementLocation.java:60)
at org.openqa.selenium.remote.RemoteWebDriver.findElement(RemoteWebDriver.java:352)
at org.openqa.selenium.remote.RemoteWebDriver.findElement(RemoteWebDriver.java:344)
at testcases.PE.maryKay(PE.java:84)
at java.base/jdk.internal.reflect.DirectMethodHandleAccessor.invoke(DirectMethodHandleAccessor.java:104)
at java.base/java.lang.reflect.Method.invoke(Method.java:578)
at org.testng.internal.MethodInvocationHelper.invokeMethod(MethodInvocationHelper.java:133)
at org.testng.internal.TestInvoker.invokeMethod(TestInvoker.java:598)
at org.testng.internal.TestInvoker.invokeTestMethod(TestInvoker.java:173)
at org.testng.internal.MethodRunner.runInSequence(MethodRunner.java:46)
at org.testng.internal.TestInvoker$MethodInvocationAgent.invoke(TestInvoker.java:824)
at org.testng.internal.TestInvoker.invokeTestMethods(TestInvoker.java:146)
at org.testng.internal.TestMethodWorker.invokeTestMethods(TestMethodWorker.java:146)
at org.testng.internal.TestMethodWorker.run(TestMethodWorker.java:128)
at java.base/java.util.ArrayList.forEach(ArrayList.java:1511)
at org.testng.TestRunner.privateRun(TestRunner.java:794)
at org.testng.TestRunner.run(TestRunner.java:596)
at org.testng.SuiteRunner.runTest(SuiteRunner.java:377)
at org.testng.SuiteRunner.runSequentially(SuiteRunner.java:371)
at org.testng.SuiteRunner.privateRun(SuiteRunner.java:332)
at org.testng.SuiteRunner.run(SuiteRunner.java:276)
at org.testng.SuiteRunnerWorker.runSuite(SuiteRunnerWorker.java:53)
at org.testng.SuiteRunnerWorker.run(SuiteRunnerWorker.java:96)
at org.testng.TestNG.runSuitesSequentially(TestNG.java:1212)
at org.testng.TestNG.runSuitesLocally(TestNG.java:1134)
at org.testng.TestNG.runSuites(TestNG.java:1063)
at org.testng.TestNG.run(TestNG.java:1031)
at org.testng.remote.AbstractRemoteTestNG.run(AbstractRemoteTestNG.java:115)
at org.testng.remote.RemoteTestNG.initAndRun(RemoteTestNG.java:251)
at org.testng.remote.RemoteTestNG.main(RemoteTestNG.java:77)
]]>
    </error>
  </testcase> <!-- maryKay -->
  <system-out>
    <![CDATA[Method name is = maryKay
<a href=C:\PROJECTS\MaryKay/screenshot/Thu-May-25-14-19-14-IST-2023.png>Fail Test Results</a>]]>
  </system-out>
  <testcase classname="testcases.PE" name="getVerificationCode" time="0.000">
    <skipped/>
  </testcase> <!-- getVerificationCode -->
  <system-out>
    <![CDATA[Method name is = resetPassword]]>
  </system-out>
  <testcase classname="testcases.PE" name="resetPassword" time="0.000">
    <skipped/>
  </testcase> <!-- resetPassword -->
  <system-out>
    <![CDATA[Method name is = recruiterSection]]>
  </system-out>
  <testcase classname="testcases.PE" name="recruiterSection" time="0.000">
    <skipped/>
  </testcase> <!-- recruiterSection -->
  <system-out>
    <![CDATA[Method name is = identificationSection]]>
  </system-out>
  <testcase classname="testcases.PE" name="identificationSection" time="0.000">
    <skipped/>
  </testcase> <!-- identificationSection -->
  <system-out>
    <![CDATA[Method name is = personalSection]]>
  </system-out>
  <testcase classname="testcases.PE" name="personalSection" time="0.000">
    <skipped/>
  </testcase> <!-- personalSection -->
  <system-out>
    <![CDATA[Method name is = addressSection]]>
  </system-out>
  <testcase classname="testcases.PE" name="addressSection" time="0.000">
    <skipped/>
  </testcase> <!-- addressSection -->
  <system-out>
    <![CDATA[Method name is = contactSection]]>
  </system-out>
  <testcase classname="testcases.PE" name="contactSection" time="0.000">
    <skipped/>
  </testcase> <!-- contactSection -->
  <system-out>
    <![CDATA[Method name is = legalSection]]>
  </system-out>
  <testcase classname="testcases.PE" name="legalSection" time="0.000">
    <skipped/>
  </testcase> <!-- legalSection -->
  <system-out>
    <![CDATA[Method name is = reviewSection]]>
  </system-out>
  <testcase classname="testcases.PE" name="reviewSection" time="0.000">
    <skipped/>
  </testcase> <!-- reviewSection -->
  <system-out>
    <![CDATA[Method name is = starterKitsPage]]>
  </system-out>
  <testcase classname="testcases.PE" name="starterKitsPage" time="0.000">
    <skipped/>
  </testcase> <!-- starterKitsPage -->
  <system-out>
    <![CDATA[Method name is = shoopingBagSections]]>
  </system-out>
  <testcase classname="testcases.PE" name="shoopingBagSections" time="0.000">
    <skipped/>
  </testcase> <!-- shoopingBagSections -->
  <system-out>
    <![CDATA[Method name is = bolsaSection]]>
  </system-out>
  <testcase classname="testcases.PE" name="bolsaSection" time="0.000">
    <skipped/>
  </testcase> <!-- bolsaSection -->
  <system-out>
    <![CDATA[Method name is = informacionSection]]>
  </system-out>
  <testcase classname="testcases.PE" name="informacionSection" time="0.000">
    <skipped/>
  </testcase> <!-- informacionSection -->
  <system-out>
    <![CDATA[Method name is = paymentSection]]>
  </system-out>
  <testcase classname="testcases.PE" name="paymentSection" time="0.000">
    <skipped/>
  </testcase> <!-- paymentSection -->
  <system-out>
    <![CDATA[Method name is = creditCardSection]]>
  </system-out>
  <testcase classname="testcases.PE" name="creditCardSection" time="0.000">
    <skipped/>
  </testcase> <!-- creditCardSection -->
  <system-out>
    <![CDATA[Method name is = screenShot]]>
  </system-out>
  <testcase classname="testcases.PE" name="screenShot" time="0.000">
    <skipped/>
  </testcase> <!-- screenShot -->
  <system-out>
    <![CDATA[Method name is = confirmationMail]]>
  </system-out>
  <testcase classname="testcases.PE" name="confirmationMail" time="0.000">
    <skipped/>
  </testcase> <!-- confirmationMail -->
  <system-out>
    <![CDATA[==============================================================================================
Total Passed: 1(+1), Failures: 1(+1), Skips: 17(+17)
==============================================================================================]]>
  </system-out>
  <testcase classname="testcases.PE" name="reconocimientos">
    <skipped/>
  </testcase> <!-- reconocimientos -->
  <system-out/>
  <testcase classname="testcases.PE" name="additionalSection">
    <skipped/>
  </testcase> <!-- additionalSection -->
  <system-out/>
</testsuite> <!-- testcases.PE -->
