<?xml version="1.0" encoding="UTF-8"?>
<!-- Generated by org.testng.reporters.JUnitXMLReporter -->
<testsuite ignored="0" hostname="AnkitSDEV00680" failures="1" tests="2" name="Test3" time="13.998" errors="0" timestamp="2024-02-13T15:09:37 IST">
  <testcase classname="qa.tests.VerifyLoginPage" name="verifyLoginPage" time="0.022">
    <skipped/>
  </testcase> <!-- verifyLoginPage -->
  <testcase classname="qa.tests.VerifyLoginPage" name="verifyLoginPage" time="0.049">
    <failure type="java.lang.AssertionError" message="Elements Not Found expected [true] but found [false]">
      <![CDATA[java.lang.AssertionError: Elements Not Found expected [true] but found [false]
at pageEvents.HomePageEvents.verifyHomePageIsLoaded(HomePageEvents.java:14)
at qa.tests.VerifyLoginPage.verifyLoginPage(VerifyLoginPage.java:19)
at java.base/java.util.ArrayList.forEach(ArrayList.java:1511)
... Removed 28 stack frames]]>
    </failure>
  </testcase> <!-- verifyLoginPage -->
</testsuite> <!-- Test3 -->
