<?xml version="1.0" encoding="UTF-8"?>
<!-- Generated by org.testng.reporters.JUnitXMLReporter -->
<testsuite ignored="0" hostname="AnkitSDEV00680" failures="1" tests="2" name="Test2" time="14.046" errors="0" timestamp="2024-02-13T15:09:23 IST">
  <testcase classname="qa.tests.VerifyTopMenu" name="verifyTopMenu" time="0.023">
    <skipped/>
  </testcase> <!-- verifyTopMenu -->
  <testcase classname="qa.tests.VerifyTopMenu" name="verifyTopMenu" time="0.025">
    <failure type="java.lang.AssertionError" message="Elements Not Found expected [true] but found [false]">
      <![CDATA[java.lang.AssertionError: Elements Not Found expected [true] but found [false]
at pageEvents.HomePageEvents.verifyHomePageIsLoaded(HomePageEvents.java:14)
at qa.tests.VerifyTopMenu.verifyTopMenu(VerifyTopMenu.java:21)
at java.base/java.util.ArrayList.forEach(ArrayList.java:1511)
... Removed 28 stack frames]]>
    </failure>
  </testcase> <!-- verifyTopMenu -->
</testsuite> <!-- Test2 -->
