<?xml version="1.0" encoding="UTF-8"?>
<!-- Generated by org.testng.reporters.JUnitXMLReporter -->
<testsuite ignored="8" hostname="AnkitSDEV00680" failures="2" tests="8" name="Test" time="59.727" errors="0" timestamp="2024-04-22T14:50:30 IST">
  <testcase classname="qa.tests.VerifyTopMenu" name="verifyTopMenu" time="0.982">
    <skipped/>
  </testcase> <!-- verifyTopMenu -->
  <testcase classname="qa.tests.VerifyTopMenu" name="verifyTopMenu" time="0.906">
    <failure type="java.lang.AssertionError" message="Elements Not Found expected [true] but found [false]">
      <![CDATA[java.lang.AssertionError: Elements Not Found expected [true] but found [false]
at pageEvents.BooksPageEvents.verifyBooksPageIsLoaded(BooksPageEvents.java:14)
at qa.tests.VerifyTopMenu.verifyTopMenu(VerifyTopMenu.java:25)
at java.base/java.util.ArrayList.forEach(ArrayList.java:1511)
... Removed 28 stack frames]]>
    </failure>
  </testcase> <!-- verifyTopMenu -->
  <testcase classname="qa.tests.VerifyCategories" name="verifyCategories" time="0.931">
    <skipped/>
  </testcase> <!-- verifyCategories -->
  <testcase classname="qa.tests.VerifyCategories" name="verifyCategories" time="0.907">
    <failure type="java.lang.AssertionError" message="Elements Not Found expected [true] but found [false]">
      <![CDATA[java.lang.AssertionError: Elements Not Found expected [true] but found [false]
at pageEvents.BooksPageEvents.verifyBooksPageIsLoaded(BooksPageEvents.java:14)
at qa.tests.VerifyCategories.verifyCategories(VerifyCategories.java:25)
at java.base/java.util.ArrayList.forEach(ArrayList.java:1511)
... Removed 28 stack frames]]>
    </failure>
  </testcase> <!-- verifyCategories -->
  <testcase classname="qa.tests.VerifyCategories" name="verifyOtherSections" time="1.631"/>
  <testcase classname="qa.tests.VerifyLoginPage" name="verifyLoginPage" time="1.535"/>
  <testcase classname="qa.tests.VerifyOtherSections" name="verifyOtherSections" time="1.68"/>
  <testcase classname="qa.tests.VerifyRegisterPage" name="sampleMethodForEnteringRegistration" time="0.891"/>
  <testcase classname="base.BaseTest" name="@BeforeTest beforeTest" time="0.0">
    <ignored/>
  </testcase> <!-- @BeforeTest beforeTest -->
  <testcase classname="base.BaseTest" name="@BeforeTest beforeTest" time="0.0">
    <ignored/>
  </testcase> <!-- @BeforeTest beforeTest -->
  <testcase classname="base.BaseTest" name="@BeforeTest beforeTest" time="0.0">
    <ignored/>
  </testcase> <!-- @BeforeTest beforeTest -->
  <testcase classname="base.BaseTest" name="@BeforeTest beforeTest" time="0.0">
    <ignored/>
  </testcase> <!-- @BeforeTest beforeTest -->
  <testcase classname="base.BaseTest" name="@AfterTest afterTest" time="0.0">
    <ignored/>
  </testcase> <!-- @AfterTest afterTest -->
  <testcase classname="base.BaseTest" name="@AfterTest afterTest" time="0.0">
    <ignored/>
  </testcase> <!-- @AfterTest afterTest -->
  <testcase classname="base.BaseTest" name="@AfterTest afterTest" time="0.0">
    <ignored/>
  </testcase> <!-- @AfterTest afterTest -->
  <testcase classname="base.BaseTest" name="@AfterTest afterTest" time="0.0">
    <ignored/>
  </testcase> <!-- @AfterTest afterTest -->
</testsuite> <!-- Test -->
