<?xml version="1.0" encoding="UTF-8"?>
<!-- Generated by org.testng.reporters.JUnitXMLReporter -->
<testsuite ignored="0" hostname="AnkitSDEV00680" failures="1" tests="2" name="Test5" time="13.583" errors="0" timestamp="2024-02-13T15:10:04 IST">
  <testcase classname="qa.tests.VerifyRegisterPage" name="sampleMethodForEnteringRegistration" time="0.022">
    <skipped/>
  </testcase> <!-- sampleMethodForEnteringRegistration -->
  <testcase classname="qa.tests.VerifyRegisterPage" name="sampleMethodForEnteringRegistration" time="0.024">
    <failure type="java.lang.AssertionError" message="Elements Not Found expected [true] but found [false]">
      <![CDATA[java.lang.AssertionError: Elements Not Found expected [true] but found [false]
at pageEvents.HomePageEvents.verifyHomePageIsLoaded(HomePageEvents.java:14)
at qa.tests.VerifyRegisterPage.sampleMethodForEnteringRegistration(VerifyRegisterPage.java:18)
at java.base/java.util.ArrayList.forEach(ArrayList.java:1511)
... Removed 28 stack frames]]>
    </failure>
  </testcase> <!-- sampleMethodForEnteringRegistration -->
</testsuite> <!-- Test5 -->
