<?xml version="1.0" encoding="UTF-8"?>
<!-- Generated by org.testng.reporters.JUnitXMLReporter -->
<testsuite ignored="0" hostname="AnkitSDEV00680" failures="1" tests="1" name="Testq2" time="5.771" errors="0" timestamp="2024-01-23T13:03:54 IST">
  <testcase classname="qa.tests.Testcase1" name="sampleMethodForEnteringRegistration" time="0.812">
    <failure type="java.lang.AssertionError" message="Elements Not Found expected [true] but found [false]">
      <![CDATA[java.lang.AssertionError: Elements Not Found expected [true] but found [false]
at pageEvents.RegisterPageEvents.verifyRegisterPageIsLoaded(RegisterPageEvents.java:14)
at qa.tests.Testcase1.sampleMethodForEnteringRegistration(Testcase1.java:20)
at java.base/java.util.ArrayList.forEach(ArrayList.java:1511)
... Removed 28 stack frames]]>
    </failure>
  </testcase> <!-- sampleMethodForEnteringRegistration -->
</testsuite> <!-- Testq2 -->
