<?xml version="1.0" encoding="UTF-8"?>
<!-- Generated by org.testng.reporters.JUnitXMLReporter -->
<testsuite ignored="0" hostname="AnkitSDEV00680" failures="1" tests="2" name="Test4" time="13.541" errors="0" timestamp="2024-02-13T15:09:51 IST">
  <testcase classname="qa.tests.VerifyOtherSections" name="verifyOtherSections" time="0.02">
    <skipped/>
  </testcase> <!-- verifyOtherSections -->
  <testcase classname="qa.tests.VerifyOtherSections" name="verifyOtherSections" time="0.023">
    <failure type="java.lang.AssertionError" message="Elements Not Found expected [true] but found [false]">
      <![CDATA[java.lang.AssertionError: Elements Not Found expected [true] but found [false]
at pageEvents.HomePageEvents.verifyHomePageIsLoaded(HomePageEvents.java:14)
at qa.tests.VerifyOtherSections.verifyOtherSections(VerifyOtherSections.java:20)
at java.base/java.util.ArrayList.forEach(ArrayList.java:1511)
... Removed 28 stack frames]]>
    </failure>
  </testcase> <!-- verifyOtherSections -->
</testsuite> <!-- Test4 -->
