<?xml version="1.0" encoding="UTF-8"?>
<!-- Generated by org.testng.reporters.JUnitXMLReporter -->
<testsuite ignored="1" hostname="DESKTOP-2S5B2IC" failures="1" tests="14" name="Test(failed)" time="215.14" errors="0" timestamp="2023-05-02T16:06:04 IST">
  <testcase classname="testcases.PE" name="fakeMail" time="4.574"/>
  <testcase classname="testcases.PE" name="maryKay" time="30.63"/>
  <testcase classname="testcases.PE" name="getVerificationCode" time="16.091"/>
  <testcase classname="testcases.PE" name="resetPassword" time="0.423"/>
  <testcase classname="testcases.PE" name="recruiterSection" time="19.452"/>
  <testcase classname="testcases.PE" name="identificationSection" time="9.272"/>
  <testcase classname="testcases.PE" name="personalSection" time="11.323"/>
  <testcase classname="testcases.PE" name="addressSection" time="10.908"/>
  <testcase classname="testcases.PE" name="contactSection" time="5.505"/>
  <testcase classname="testcases.PE" name="legalSection" time="7.404"/>
  <testcase classname="testcases.PE" name="reviewSection" time="18.118"/>
  <testcase classname="testcases.PE" name="starterKitsPage" time="15.861"/>
  <testcase classname="testcases.PE" name="commerceSections" time="39.996"/>
  <testcase classname="testcases.PE" name="creditCardSection" time="25.188">
    <failure type="java.lang.ClassCastException" message="class org.openqa.selenium.chrome.ChromeDriver cannot be cast to class org.openqa.selenium.By (org.openqa.selenium.chrome.ChromeDriver and org.openqa.selenium.By are in unnamed module of loader &amp;apos;app&amp;apos;)">
      <![CDATA[java.lang.ClassCastException: class org.openqa.selenium.chrome.ChromeDriver cannot be cast to class org.openqa.selenium.By (org.openqa.selenium.chrome.ChromeDriver and org.openqa.selenium.By are in unnamed module of loader 'app')
at testcases.PE.creditCardSection(PE.java:283)
at java.base/java.util.ArrayList.forEach(ArrayList.java:1511)
... Removed 25 stack frames]]>
    </failure>
  </testcase> <!-- creditCardSection -->
  <testcase classname="testcases.PE" name="additionalSection" time="0.0">
    <ignored/>
  </testcase> <!-- additionalSection -->
</testsuite> <!-- Test(failed) -->
